2025-04-14 08:21:41 [main] INFO  com.weight.TradeAppApplication - Starting TradeAppApplication using Java 17.0.7 with PID 14540 (C:\Dev\sts-4.19.1.RELEASE\workspace-spring-tool-suite-4-4.19.1.RELEASE\TradeApp\target\classes started by waben in C:\Dev\sts-4.19.1.RELEASE\workspace-spring-tool-suite-4-4.19.1.RELEASE\TradeApp)
2025-04-14 08:21:41 [main] DEBUG com.weight.TradeAppApplication - Running with Spring Boot v3.1.4, Spring v6.0.12
2025-04-14 08:21:41 [main] INFO  com.weight.TradeAppApplication - No active profile set, falling back to 1 default profile: "default"
2025-04-14 08:21:42 [main] INFO  o.s.d.r.c.RepositoryConfigurationDelegate - Bootstrapping Spring Data JPA repositories in DEFAULT mode.
2025-04-14 08:21:42 [main] INFO  o.s.d.r.c.RepositoryConfigurationDelegate - Finished Spring Data repository scanning in 111 ms. Found 19 JPA repository interfaces.
2025-04-14 08:21:43 [main] WARN  o.s.b.w.s.c.AnnotationConfigServletWebServerApplicationContext - Exception encountered during context initialization - cancelling refresh attempt: org.springframework.context.ApplicationContextException: Unable to start web server
2025-04-14 08:21:43 [main] INFO  o.s.b.a.l.ConditionEvaluationReportLogger - 

Error starting ApplicationContext. To display the condition evaluation report re-run your application with 'debug' enabled.
2025-04-14 08:21:43 [main] ERROR o.s.b.d.LoggingFailureAnalysisReporter - 

***************************
APPLICATION FAILED TO START
***************************

Description:

Failed to bind properties under 'server.address' to java.net.InetAddress:

    Property: server.address
    Value: "0.0.0.0 "
    Origin: class path resource [application.properties] - 2:16
    Reason: failed to convert java.lang.String to java.net.InetAddress (caused by java.net.UnknownHostException: Hôte inconnu (0.0.0.0 ))

Action:

Update your application's configuration

2025-04-14 08:22:50 [main] INFO  com.weight.TradeAppApplication - Starting TradeAppApplication using Java 17.0.7 with PID 18384 (C:\Dev\sts-4.19.1.RELEASE\workspace-spring-tool-suite-4-4.19.1.RELEASE\TradeApp\target\classes started by waben in C:\Dev\sts-4.19.1.RELEASE\workspace-spring-tool-suite-4-4.19.1.RELEASE\TradeApp)
2025-04-14 08:22:50 [main] DEBUG com.weight.TradeAppApplication - Running with Spring Boot v3.1.4, Spring v6.0.12
2025-04-14 08:22:50 [main] INFO  com.weight.TradeAppApplication - No active profile set, falling back to 1 default profile: "default"
2025-04-14 08:22:51 [main] INFO  o.s.d.r.c.RepositoryConfigurationDelegate - Bootstrapping Spring Data JPA repositories in DEFAULT mode.
2025-04-14 08:22:51 [main] INFO  o.s.d.r.c.RepositoryConfigurationDelegate - Finished Spring Data repository scanning in 131 ms. Found 19 JPA repository interfaces.
2025-04-14 08:22:51 [main] INFO  o.s.b.w.e.tomcat.TomcatWebServer - Tomcat initialized with port(s): 8081 (http)
2025-04-14 08:22:51 [main] INFO  o.a.catalina.core.StandardService - Starting service [Tomcat]
2025-04-14 08:22:51 [main] INFO  o.a.catalina.core.StandardEngine - Starting Servlet engine: [Apache Tomcat/10.1.13]
2025-04-14 08:22:52 [main] INFO  o.a.c.c.C.[Tomcat].[localhost].[/] - Initializing Spring embedded WebApplicationContext
2025-04-14 08:22:52 [main] INFO  o.s.b.w.s.c.ServletWebServerApplicationContext - Root WebApplicationContext: initialization completed in 1922 ms
2025-04-14 08:22:52 [main] INFO  com.zaxxer.hikari.HikariDataSource - HikariPool-1 - Starting...
2025-04-14 08:22:52 [main] INFO  com.zaxxer.hikari.pool.HikariPool - HikariPool-1 - Added connection com.mysql.cj.jdbc.ConnectionImpl@3a4a5f3c
2025-04-14 08:22:52 [main] INFO  com.zaxxer.hikari.HikariDataSource - HikariPool-1 - Start completed.
2025-04-14 08:22:52 [main] INFO  o.h.jpa.internal.util.LogHelper - HHH000204: Processing PersistenceUnitInfo [name: default]
2025-04-14 08:22:53 [main] INFO  org.hibernate.Version - HHH000412: Hibernate ORM core version 6.2.9.Final
2025-04-14 08:22:53 [main] INFO  org.hibernate.cfg.Environment - HHH000406: Using bytecode reflection optimizer
2025-04-14 08:22:53 [main] INFO  o.h.b.i.BytecodeProviderInitiator - HHH000021: Bytecode provider name : bytebuddy
2025-04-14 08:22:53 [main] INFO  o.s.o.j.p.SpringPersistenceUnitInfo - No LoadTimeWeaver setup: ignoring JPA class transformer
2025-04-14 08:22:54 [main] INFO  o.h.b.i.BytecodeProviderInitiator - HHH000021: Bytecode provider name : bytebuddy
2025-04-14 08:22:55 [main] INFO  o.h.e.t.j.p.i.JtaPlatformInitiator - HHH000490: Using JtaPlatform implementation: [org.hibernate.engine.transaction.jta.platform.internal.NoJtaPlatform]
2025-04-14 08:22:55 [main] INFO  o.s.o.j.LocalContainerEntityManagerFactoryBean - Initialized JPA EntityManagerFactory for persistence unit 'default'
2025-04-14 08:22:55 [main] INFO  o.s.d.j.r.query.QueryEnhancerFactory - Hibernate is in classpath; If applicable, HQL parser will be used.
2025-04-14 08:22:58 [main] WARN  o.s.b.a.o.j.JpaBaseConfiguration$JpaWebConfiguration - spring.jpa.open-in-view is enabled by default. Therefore, database queries may be performed during view rendering. Explicitly configure spring.jpa.open-in-view to disable this warning
2025-04-14 08:22:58 [main] INFO  o.s.b.w.e.tomcat.TomcatWebServer - Tomcat started on port(s): 8081 (http) with context path ''
2025-04-14 08:22:58 [main] INFO  o.s.m.s.b.SimpleBrokerMessageHandler - Starting...
2025-04-14 08:22:58 [main] INFO  o.s.m.s.b.SimpleBrokerMessageHandler - BrokerAvailabilityEvent[available=true, SimpleBrokerMessageHandler [org.springframework.messaging.simp.broker.DefaultSubscriptionRegistry@670132b9]]
2025-04-14 08:22:58 [main] INFO  o.s.m.s.b.SimpleBrokerMessageHandler - Started.
2025-04-14 08:22:58 [main] INFO  com.weight.TradeAppApplication - Started TradeAppApplication in 9.105 seconds (process running for 10.035)
2025-04-14 08:22:58 [http-nio-8081-exec-1] INFO  o.a.c.c.C.[Tomcat].[localhost].[/] - Initializing Spring DispatcherServlet 'dispatcherServlet'
2025-04-14 08:22:58 [http-nio-8081-exec-1] INFO  o.s.web.servlet.DispatcherServlet - Initializing Servlet 'dispatcherServlet'
2025-04-14 08:22:58 [http-nio-8081-exec-1] INFO  o.s.web.servlet.DispatcherServlet - Completed initialization in 2 ms
2025-04-14 08:22:58 [http-nio-8081-exec-3] INFO  c.w.c.EnhancedChatController - Récupération des conversations actives pour l'utilisateur: Gringo
2025-04-14 08:23:04 [http-nio-8081-exec-7] INFO  c.w.c.EnhancedChatController - Récupération des conversations actives pour l'utilisateur: Wilsup
2025-04-14 08:23:39 [http-nio-8081-exec-9] INFO  com.weight.controller.Controller - Récupération des prises en charge d'un user dont le statut est précis 
2025-04-14 08:23:39 [http-nio-8081-exec-9] WARN  com.weight.controller.Controller - Aucune prise en charge trouvée
2025-04-14 08:23:39 [http-nio-8081-exec-9] INFO  com.weight.controller.Controller - Aucune prise en charge trouvée
2025-04-14 08:23:41 [http-nio-8081-exec-1] INFO  c.weight.controller.AdminController - Récupération des statistiques pour le dashboard administrateur
2025-04-14 08:23:41 [http-nio-8081-exec-3] INFO  c.weight.controller.AdminController - Récupération des logs administratifs
2025-04-14 08:23:45 [http-nio-8081-exec-5] INFO  com.weight.controller.Controller - Récupération des colis avec un statut précis soumis par un user
2025-04-14 08:23:45 [http-nio-8081-exec-5] INFO  com.weight.controller.Controller - Opération réalisée avec succès
2025-04-14 08:23:45 [http-nio-8081-exec-2] INFO  com.weight.controller.Controller - Récupération des images d'un colis
2025-04-14 08:23:45 [http-nio-8081-exec-3] INFO  com.weight.controller.Controller - Récupération des images d'un colis
2025-04-14 08:23:45 [http-nio-8081-exec-4] INFO  com.weight.controller.Controller - Récupération des images d'un colis
2025-04-14 08:23:45 [http-nio-8081-exec-5] INFO  com.weight.controller.Controller - Récupération des images d'un colis
2025-04-14 08:23:45 [http-nio-8081-exec-10] INFO  com.weight.controller.Controller - Récupération des images d'un colis
2025-04-14 08:23:45 [http-nio-8081-exec-9] INFO  com.weight.controller.Controller - Récupération des images d'un colis
2025-04-14 08:23:46 [http-nio-8081-exec-2] INFO  com.weight.controller.Controller - Opération réalisée avec succès
2025-04-14 08:23:46 [http-nio-8081-exec-9] INFO  com.weight.controller.Controller - Opération réalisée avec succès
2025-04-14 08:23:46 [http-nio-8081-exec-4] INFO  com.weight.controller.Controller - Opération réalisée avec succès
2025-04-14 08:23:46 [http-nio-8081-exec-10] INFO  com.weight.controller.Controller - Opération réalisée avec succès
2025-04-14 08:23:46 [http-nio-8081-exec-5] INFO  com.weight.controller.Controller - Opération réalisée avec succès
2025-04-14 08:23:46 [http-nio-8081-exec-3] INFO  com.weight.controller.Controller - Opération réalisée avec succès
2025-04-14 08:23:48 [http-nio-8081-exec-1] INFO  com.weight.controller.Controller - Récupération des prises en charge d'un user dont le statut est précis 
2025-04-14 08:23:48 [http-nio-8081-exec-8] INFO  com.weight.controller.Controller - Récupération des colis avec un statut précis soumis par un user
2025-04-14 08:23:48 [http-nio-8081-exec-8] INFO  com.weight.controller.Controller - Opération réalisée avec succès
2025-04-14 08:23:48 [http-nio-8081-exec-1] WARN  com.weight.controller.Controller - Aucune prise en charge trouvée
2025-04-14 08:23:48 [http-nio-8081-exec-1] INFO  com.weight.controller.Controller - Aucune prise en charge trouvée
2025-04-14 08:23:57 [http-nio-8081-exec-7] INFO  com.weight.controller.Controller - Récupération des colis avec un statut précis soumis par un user
2025-04-14 08:23:57 [http-nio-8081-exec-7] INFO  com.weight.controller.Controller - Opération réalisée avec succès
2025-04-14 08:23:57 [http-nio-8081-exec-9] INFO  com.weight.controller.Controller - Récupération des images d'un colis
2025-04-14 08:23:57 [http-nio-8081-exec-4] INFO  com.weight.controller.Controller - Récupération des images d'un colis
2025-04-14 08:23:57 [http-nio-8081-exec-3] INFO  com.weight.controller.Controller - Récupération des images d'un colis
2025-04-14 08:23:57 [http-nio-8081-exec-2] INFO  com.weight.controller.Controller - Récupération des images d'un colis
2025-04-14 08:23:57 [http-nio-8081-exec-10] INFO  com.weight.controller.Controller - Récupération des images d'un colis
2025-04-14 08:23:57 [http-nio-8081-exec-5] INFO  com.weight.controller.Controller - Récupération des images d'un colis
2025-04-14 08:23:58 [MessageBroker-1] INFO  o.s.w.s.c.WebSocketMessageBrokerStats - WebSocketSession[2 current WS(2)-HttpStream(0)-HttpPoll(0), 2 total, 0 closed abnormally (0 connect failure, 0 send limit, 0 transport error)], stompSubProtocol[processed CONNECT(2)-CONNECTED(2)-DISCONNECT(0)], stompBrokerRelay[null], inboundChannel[pool size = 6, active threads = 0, queued tasks = 0, completed tasks = 6], outboundChannel[pool size = 2, active threads = 0, queued tasks = 0, completed tasks = 2], sockJsScheduler[pool size = 1, active threads = 1, queued tasks = 0, completed tasks = 0]
2025-04-14 08:23:58 [http-nio-8081-exec-2] INFO  com.weight.controller.Controller - Opération réalisée avec succès
2025-04-14 08:23:58 [http-nio-8081-exec-9] INFO  com.weight.controller.Controller - Opération réalisée avec succès
2025-04-14 08:23:58 [http-nio-8081-exec-3] INFO  com.weight.controller.Controller - Opération réalisée avec succès
2025-04-14 08:23:58 [http-nio-8081-exec-4] INFO  com.weight.controller.Controller - Opération réalisée avec succès
2025-04-14 08:23:58 [http-nio-8081-exec-10] INFO  com.weight.controller.Controller - Opération réalisée avec succès
2025-04-14 08:23:58 [http-nio-8081-exec-5] INFO  com.weight.controller.Controller - Opération réalisée avec succès
